2020-09-01 13:13:18,198 [1] ERROR EPiServer.Framework.Initialization.InitializationEngine: Initialize action failed for 'Initialize on class EPiServer.Data.DataInitialization, EPiServer.Data, Version=11.15.1.0, Culture=neutral, PublicKeyToken=8fe83dea738b45b7'
System.ArgumentException: Nyckelordet stöds inte: initialcatalog.
   vid System.Data.Common.DbConnectionOptions.ParseInternal(Hashtable parsetable, String connectionString, Boolean buildChain, Hashtable synonyms, Boolean firstKey)
   vid System.Data.Common.DbConnectionOptions..ctor(String connectionString, Hashtable synonyms, Boolean useOdbcRules)
   vid System.Data.SqlClient.SqlConnectionString..ctor(String connectionString)
   vid System.Data.SqlClient.SqlConnectionFactory.CreateConnectionOptions(String connectionString, DbConnectionOptions previous)
   vid System.Data.ProviderBase.DbConnectionFactory.GetConnectionPoolGroup(DbConnectionPoolKey key, DbConnectionPoolGroupOptions poolOptions, DbConnectionOptions& userConnectionOptions)
   vid System.Data.SqlClient.SqlConnection.ConnectionString_Set(DbConnectionPoolKey key)
   vid System.Data.SqlClient.SqlConnection.set_ConnectionString(String value)
   vid EPiServer.Data.Providers.Internal.ConnectionContext.<OpenConnection>b__15_0()
   vid EPiServer.Data.Providers.SqlTransientErrorsRetryPolicy.Execute[TResult](Func`1 method)
   vid EPiServer.Data.Providers.Internal.ConnectionContext.OpenConnection()
   vid EPiServer.Data.Providers.Internal.SqlDatabaseExecutor.GetConnection(Boolean requireTransaction)
   vid EPiServer.Data.Providers.Internal.SqlDatabaseExecutor.<>c__DisplayClass31_0`1.<Execute>b__0()
   vid EPiServer.Data.Providers.SqlTransientErrorsRetryPolicy.Execute[TResult](Func`1 method)
   vid EPiServer.Data.Providers.Internal.SqlDatabaseExecutor.Execute[TResult](Func`1 action)
   vid EPiServer.Data.SchemaUpdates.Internal.DatabaseVersionRetriever.GetDatabaseVersion(Boolean forceRefresh)
   vid EPiServer.Data.SchemaUpdates.Internal.DatabaseVersionValidator.GetStatus(IEnumerable`1 connectionStrings)
   vid EPiServer.Data.SchemaUpdates.Internal.DatabaseSchemaManagerImplementation.<>c__DisplayClass6_0.<EnsureDatabaseSchema>b__0(ISchemaUpdater u)
   vid System.Linq.Enumerable.WhereSelectEnumerableIterator`2.MoveNext()
   vid System.Collections.Generic.List`1..ctor(IEnumerable`1 collection)
   vid System.Linq.Enumerable.ToList[TSource](IEnumerable`1 source)
   vid EPiServer.Data.SchemaUpdates.Internal.DatabaseSchemaManagerImplementation.EnsureDatabaseSchema(DataAccessOptions dataAccessOptions)
   vid EPiServer.Data.DataInitialization.ValidateDatabaseSchema(InitializationEngine context)
   vid EPiServer.Data.DataInitialization.Initialize(InitializationEngine context)
   vid EPiServer.Framework.Initialization.Internal.ModuleNode.<>c__DisplayClass2_0.<Initialize>b__0()
   vid EPiServer.Framework.Initialization.Internal.ModuleNode.Execute(Action a, String key)
   vid EPiServer.Framework.Initialization.Internal.ModuleNode.Initialize(InitializationEngine context)
   vid EPiServer.Framework.Initialization.InitializationEngine.InitializeModules()
System.ArgumentException: Nyckelordet stöds inte: initialcatalog.
   vid System.Data.Common.DbConnectionOptions.ParseInternal(Hashtable parsetable, String connectionString, Boolean buildChain, Hashtable synonyms, Boolean firstKey)
   vid System.Data.Common.DbConnectionOptions..ctor(String connectionString, Hashtable synonyms, Boolean useOdbcRules)
   vid System.Data.SqlClient.SqlConnectionString..ctor(String connectionString)
   vid System.Data.SqlClient.SqlConnectionFactory.CreateConnectionOptions(String connectionString, DbConnectionOptions previous)
   vid System.Data.ProviderBase.DbConnectionFactory.GetConnectionPoolGroup(DbConnectionPoolKey key, DbConnectionPoolGroupOptions poolOptions, DbConnectionOptions& userConnectionOptions)
   vid System.Data.SqlClient.SqlConnection.ConnectionString_Set(DbConnectionPoolKey key)
   vid System.Data.SqlClient.SqlConnection.set_ConnectionString(String value)
   vid EPiServer.Data.Providers.Internal.ConnectionContext.<OpenConnection>b__15_0()
   vid EPiServer.Data.Providers.SqlTransientErrorsRetryPolicy.Execute[TResult](Func`1 method)
   vid EPiServer.Data.Providers.Internal.ConnectionContext.OpenConnection()
   vid EPiServer.Data.Providers.Internal.SqlDatabaseExecutor.GetConnection(Boolean requireTransaction)
   vid EPiServer.Data.Providers.Internal.SqlDatabaseExecutor.<>c__DisplayClass31_0`1.<Execute>b__0()
   vid EPiServer.Data.Providers.SqlTransientErrorsRetryPolicy.Execute[TResult](Func`1 method)
   vid EPiServer.Data.Providers.Internal.SqlDatabaseExecutor.Execute[TResult](Func`1 action)
   vid EPiServer.Data.SchemaUpdates.Internal.DatabaseVersionRetriever.GetDatabaseVersion(Boolean forceRefresh)
   vid EPiServer.Data.SchemaUpdates.Internal.DatabaseVersionValidator.GetStatus(IEnumerable`1 connectionStrings)
   vid EPiServer.Data.SchemaUpdates.Internal.DatabaseSchemaManagerImplementation.<>c__DisplayClass6_0.<EnsureDatabaseSchema>b__0(ISchemaUpdater u)
   vid System.Linq.Enumerable.WhereSelectEnumerableIterator`2.MoveNext()
   vid System.Collections.Generic.List`1..ctor(IEnumerable`1 collection)
   vid System.Linq.Enumerable.ToList[TSource](IEnumerable`1 source)
   vid EPiServer.Data.SchemaUpdates.Internal.DatabaseSchemaManagerImplementation.EnsureDatabaseSchema(DataAccessOptions dataAccessOptions)
   vid EPiServer.Data.DataInitialization.ValidateDatabaseSchema(InitializationEngine context)
   vid EPiServer.Data.DataInitialization.Initialize(InitializationEngine context)
   vid EPiServer.Framework.Initialization.Internal.ModuleNode.<>c__DisplayClass2_0.<Initialize>b__0()
   vid EPiServer.Framework.Initialization.Internal.ModuleNode.Execute(Action a, String key)
   vid EPiServer.Framework.Initialization.Internal.ModuleNode.Initialize(InitializationEngine context)
   vid EPiServer.Framework.Initialization.InitializationEngine.InitializeModules()
2020-09-01 13:13:33,576 [1] ERROR EPiServer.Framework.Initialization.InitializationEngine: Initialize action failed for 'Initialize on class EPiServer.Data.DataInitialization, EPiServer.Data, Version=11.15.1.0, Culture=neutral, PublicKeyToken=8fe83dea738b45b7'
System.ArgumentException: Nyckelordet stöds inte: initialcatalog.
   vid System.Data.Common.DbConnectionOptions.ParseInternal(Hashtable parsetable, String connectionString, Boolean buildChain, Hashtable synonyms, Boolean firstKey)
   vid System.Data.Common.DbConnectionOptions..ctor(String connectionString, Hashtable synonyms, Boolean useOdbcRules)
   vid System.Data.SqlClient.SqlConnectionString..ctor(String connectionString)
   vid System.Data.SqlClient.SqlConnectionFactory.CreateConnectionOptions(String connectionString, DbConnectionOptions previous)
   vid System.Data.ProviderBase.DbConnectionFactory.GetConnectionPoolGroup(DbConnectionPoolKey key, DbConnectionPoolGroupOptions poolOptions, DbConnectionOptions& userConnectionOptions)
   vid System.Data.SqlClient.SqlConnection.ConnectionString_Set(DbConnectionPoolKey key)
   vid System.Data.SqlClient.SqlConnection.set_ConnectionString(String value)
   vid EPiServer.Data.Providers.Internal.ConnectionContext.<OpenConnection>b__15_0()
   vid EPiServer.Data.Providers.SqlTransientErrorsRetryPolicy.Execute[TResult](Func`1 method)
   vid EPiServer.Data.Providers.Internal.ConnectionContext.OpenConnection()
   vid EPiServer.Data.Providers.Internal.SqlDatabaseExecutor.GetConnection(Boolean requireTransaction)
   vid EPiServer.Data.Providers.Internal.SqlDatabaseExecutor.<>c__DisplayClass31_0`1.<Execute>b__0()
   vid EPiServer.Data.Providers.SqlTransientErrorsRetryPolicy.Execute[TResult](Func`1 method)
   vid EPiServer.Data.Providers.Internal.SqlDatabaseExecutor.Execute[TResult](Func`1 action)
   vid EPiServer.Data.SchemaUpdates.Internal.DatabaseVersionRetriever.GetDatabaseVersion(Boolean forceRefresh)
   vid EPiServer.Data.SchemaUpdates.Internal.DatabaseVersionValidator.GetStatus(IEnumerable`1 connectionStrings)
   vid EPiServer.Data.SchemaUpdates.Internal.DatabaseSchemaManagerImplementation.<>c__DisplayClass6_0.<EnsureDatabaseSchema>b__0(ISchemaUpdater u)
   vid System.Linq.Enumerable.WhereSelectEnumerableIterator`2.MoveNext()
   vid System.Collections.Generic.List`1..ctor(IEnumerable`1 collection)
   vid System.Linq.Enumerable.ToList[TSource](IEnumerable`1 source)
   vid EPiServer.Data.SchemaUpdates.Internal.DatabaseSchemaManagerImplementation.EnsureDatabaseSchema(DataAccessOptions dataAccessOptions)
   vid EPiServer.Data.DataInitialization.ValidateDatabaseSchema(InitializationEngine context)
   vid EPiServer.Data.DataInitialization.Initialize(InitializationEngine context)
   vid EPiServer.Framework.Initialization.Internal.ModuleNode.<>c__DisplayClass2_0.<Initialize>b__0()
   vid EPiServer.Framework.Initialization.Internal.ModuleNode.Execute(Action a, String key)
   vid EPiServer.Framework.Initialization.Internal.ModuleNode.Initialize(InitializationEngine context)
   vid EPiServer.Framework.Initialization.InitializationEngine.InitializeModules()
System.ArgumentException: Nyckelordet stöds inte: initialcatalog.
   vid System.Data.Common.DbConnectionOptions.ParseInternal(Hashtable parsetable, String connectionString, Boolean buildChain, Hashtable synonyms, Boolean firstKey)
   vid System.Data.Common.DbConnectionOptions..ctor(String connectionString, Hashtable synonyms, Boolean useOdbcRules)
   vid System.Data.SqlClient.SqlConnectionString..ctor(String connectionString)
   vid System.Data.SqlClient.SqlConnectionFactory.CreateConnectionOptions(String connectionString, DbConnectionOptions previous)
   vid System.Data.ProviderBase.DbConnectionFactory.GetConnectionPoolGroup(DbConnectionPoolKey key, DbConnectionPoolGroupOptions poolOptions, DbConnectionOptions& userConnectionOptions)
   vid System.Data.SqlClient.SqlConnection.ConnectionString_Set(DbConnectionPoolKey key)
   vid System.Data.SqlClient.SqlConnection.set_ConnectionString(String value)
   vid EPiServer.Data.Providers.Internal.ConnectionContext.<OpenConnection>b__15_0()
   vid EPiServer.Data.Providers.SqlTransientErrorsRetryPolicy.Execute[TResult](Func`1 method)
   vid EPiServer.Data.Providers.Internal.ConnectionContext.OpenConnection()
   vid EPiServer.Data.Providers.Internal.SqlDatabaseExecutor.GetConnection(Boolean requireTransaction)
   vid EPiServer.Data.Providers.Internal.SqlDatabaseExecutor.<>c__DisplayClass31_0`1.<Execute>b__0()
   vid EPiServer.Data.Providers.SqlTransientErrorsRetryPolicy.Execute[TResult](Func`1 method)
   vid EPiServer.Data.Providers.Internal.SqlDatabaseExecutor.Execute[TResult](Func`1 action)
   vid EPiServer.Data.SchemaUpdates.Internal.DatabaseVersionRetriever.GetDatabaseVersion(Boolean forceRefresh)
   vid EPiServer.Data.SchemaUpdates.Internal.DatabaseVersionValidator.GetStatus(IEnumerable`1 connectionStrings)
   vid EPiServer.Data.SchemaUpdates.Internal.DatabaseSchemaManagerImplementation.<>c__DisplayClass6_0.<EnsureDatabaseSchema>b__0(ISchemaUpdater u)
   vid System.Linq.Enumerable.WhereSelectEnumerableIterator`2.MoveNext()
   vid System.Collections.Generic.List`1..ctor(IEnumerable`1 collection)
   vid System.Linq.Enumerable.ToList[TSource](IEnumerable`1 source)
   vid EPiServer.Data.SchemaUpdates.Internal.DatabaseSchemaManagerImplementation.EnsureDatabaseSchema(DataAccessOptions dataAccessOptions)
   vid EPiServer.Data.DataInitialization.ValidateDatabaseSchema(InitializationEngine context)
   vid EPiServer.Data.DataInitialization.Initialize(InitializationEngine context)
   vid EPiServer.Framework.Initialization.Internal.ModuleNode.<>c__DisplayClass2_0.<Initialize>b__0()
   vid EPiServer.Framework.Initialization.Internal.ModuleNode.Execute(Action a, String key)
   vid EPiServer.Framework.Initialization.Internal.ModuleNode.Initialize(InitializationEngine context)
   vid EPiServer.Framework.Initialization.InitializationEngine.InitializeModules()
2020-09-01 13:28:52,439 [1] ERROR EPiServer.Framework.Initialization.InitializationEngine: Initialize action failed for 'Initialize on class EPiServer.Data.DataInitialization, EPiServer.Data, Version=11.15.1.0, Culture=neutral, PublicKeyToken=8fe83dea738b45b7'
System.ArgumentException: Nyckelordet stöds inte: initialcatalog.
   vid System.Data.Common.DbConnectionOptions.ParseInternal(Hashtable parsetable, String connectionString, Boolean buildChain, Hashtable synonyms, Boolean firstKey)
   vid System.Data.Common.DbConnectionOptions..ctor(String connectionString, Hashtable synonyms, Boolean useOdbcRules)
   vid System.Data.SqlClient.SqlConnectionString..ctor(String connectionString)
   vid System.Data.SqlClient.SqlConnectionFactory.CreateConnectionOptions(String connectionString, DbConnectionOptions previous)
   vid System.Data.ProviderBase.DbConnectionFactory.GetConnectionPoolGroup(DbConnectionPoolKey key, DbConnectionPoolGroupOptions poolOptions, DbConnectionOptions& userConnectionOptions)
   vid System.Data.SqlClient.SqlConnection.ConnectionString_Set(DbConnectionPoolKey key)
   vid System.Data.SqlClient.SqlConnection.set_ConnectionString(String value)
   vid EPiServer.Data.Providers.Internal.ConnectionContext.<OpenConnection>b__15_0()
   vid EPiServer.Data.Providers.SqlTransientErrorsRetryPolicy.Execute[TResult](Func`1 method)
   vid EPiServer.Data.Providers.Internal.ConnectionContext.OpenConnection()
   vid EPiServer.Data.Providers.Internal.SqlDatabaseExecutor.GetConnection(Boolean requireTransaction)
   vid EPiServer.Data.Providers.Internal.SqlDatabaseExecutor.<>c__DisplayClass31_0`1.<Execute>b__0()
   vid EPiServer.Data.Providers.SqlTransientErrorsRetryPolicy.Execute[TResult](Func`1 method)
   vid EPiServer.Data.SchemaUpdates.Internal.DatabaseVersionRetriever.GetDatabaseVersion(Boolean forceRefresh)
   vid EPiServer.Data.SchemaUpdates.Internal.DatabaseVersionValidator.GetStatus(IEnumerable`1 connectionStrings)
   vid EPiServer.Data.SchemaUpdates.Internal.DatabaseSchemaManagerImplementation.<>c__DisplayClass6_0.<EnsureDatabaseSchema>b__0(ISchemaUpdater u)
   vid System.Linq.Enumerable.WhereSelectEnumerableIterator`2.MoveNext()
   vid System.Collections.Generic.List`1..ctor(IEnumerable`1 collection)
   vid System.Linq.Enumerable.ToList[TSource](IEnumerable`1 source)
   vid EPiServer.Data.SchemaUpdates.Internal.DatabaseSchemaManagerImplementation.EnsureDatabaseSchema(DataAccessOptions dataAccessOptions)
   vid EPiServer.Data.DataInitialization.Initialize(InitializationEngine context)
   vid EPiServer.Framework.Initialization.Internal.ModuleNode.Execute(Action a, String key)
   vid EPiServer.Framework.Initialization.Internal.ModuleNode.Initialize(InitializationEngine context)
   vid EPiServer.Framework.Initialization.InitializationEngine.InitializeModules()
System.ArgumentException: Nyckelordet stöds inte: initialcatalog.
   vid System.Data.Common.DbConnectionOptions.ParseInternal(Hashtable parsetable, String connectionString, Boolean buildChain, Hashtable synonyms, Boolean firstKey)
   vid System.Data.Common.DbConnectionOptions..ctor(String connectionString, Hashtable synonyms, Boolean useOdbcRules)
   vid System.Data.SqlClient.SqlConnectionString..ctor(String connectionString)
   vid System.Data.SqlClient.SqlConnectionFactory.CreateConnectionOptions(String connectionString, DbConnectionOptions previous)
   vid System.Data.ProviderBase.DbConnectionFactory.GetConnectionPoolGroup(DbConnectionPoolKey key, DbConnectionPoolGroupOptions poolOptions, DbConnectionOptions& userConnectionOptions)
   vid System.Data.SqlClient.SqlConnection.ConnectionString_Set(DbConnectionPoolKey key)
   vid System.Data.SqlClient.SqlConnection.set_ConnectionString(String value)
   vid EPiServer.Data.Providers.Internal.ConnectionContext.<OpenConnection>b__15_0()
   vid EPiServer.Data.Providers.SqlTransientErrorsRetryPolicy.Execute[TResult](Func`1 method)
   vid EPiServer.Data.Providers.Internal.ConnectionContext.OpenConnection()
   vid EPiServer.Data.Providers.Internal.SqlDatabaseExecutor.GetConnection(Boolean requireTransaction)
   vid EPiServer.Data.Providers.Internal.SqlDatabaseExecutor.<>c__DisplayClass31_0`1.<Execute>b__0()
   vid EPiServer.Data.Providers.SqlTransientErrorsRetryPolicy.Execute[TResult](Func`1 method)
   vid EPiServer.Data.SchemaUpdates.Internal.DatabaseVersionRetriever.GetDatabaseVersion(Boolean forceRefresh)
   vid EPiServer.Data.SchemaUpdates.Internal.DatabaseVersionValidator.GetStatus(IEnumerable`1 connectionStrings)
   vid EPiServer.Data.SchemaUpdates.Internal.DatabaseSchemaManagerImplementation.<>c__DisplayClass6_0.<EnsureDatabaseSchema>b__0(ISchemaUpdater u)
   vid System.Linq.Enumerable.WhereSelectEnumerableIterator`2.MoveNext()
   vid System.Collections.Generic.List`1..ctor(IEnumerable`1 collection)
   vid System.Linq.Enumerable.ToList[TSource](IEnumerable`1 source)
   vid EPiServer.Data.SchemaUpdates.Internal.DatabaseSchemaManagerImplementation.EnsureDatabaseSchema(DataAccessOptions dataAccessOptions)
   vid EPiServer.Data.DataInitialization.Initialize(InitializationEngine context)
   vid EPiServer.Framework.Initialization.Internal.ModuleNode.Execute(Action a, String key)
   vid EPiServer.Framework.Initialization.Internal.ModuleNode.Initialize(InitializationEngine context)
   vid EPiServer.Framework.Initialization.InitializationEngine.InitializeModules()
2020-09-01 13:29:58,803 [16] ERROR EPiServer.Global: Unhandled exception in ASP.NET
System.Web.HttpException (0x80004005): The file '/link/43F936C99B234EA397B261C538AD07C9.aspx' does not exist.
   at System.Web.UI.Util.CheckVirtualFileExists(VirtualPath virtualPath)
   at System.Web.Compilation.BuildManager.GetVPathBuildResultInternal(VirtualPath virtualPath, Boolean noBuild, Boolean allowCrossApp, Boolean allowBuildInPrecompile, Boolean throwIfNotFound, Boolean ensureIsUpToDate)
   at System.Web.Compilation.BuildManager.GetVPathBuildResultWithNoAssert(HttpContext context, VirtualPath virtualPath, Boolean noBuild, Boolean allowCrossApp, Boolean allowBuildInPrecompile, Boolean throwIfNotFound, Boolean ensureIsUpToDate)
   at System.Web.Compilation.BuildManager.GetVirtualPathObjectFactory(VirtualPath virtualPath, HttpContext context, Boolean allowCrossApp, Boolean throwIfNotFound)
   at System.Web.Compilation.BuildManager.CreateInstanceFromVirtualPath(VirtualPath virtualPath, Type requiredBaseType, HttpContext context, Boolean allowCrossApp)
   at System.Web.Routing.PageRouteHandler.GetHttpHandler(RequestContext requestContext)
   at System.Web.Routing.UrlRoutingModule.PostResolveRequestCache(HttpContextBase context)
   at System.Web.HttpApplication.SyncEventExecutionStep.System.Web.HttpApplication.IExecutionStep.Execute()
   at System.Web.HttpApplication.ExecuteStepImpl(IExecutionStep step)
   at System.Web.HttpApplication.ExecuteStep(IExecutionStep step, Boolean& completedSynchronously)
System.Web.HttpException (0x80004005): The file '/link/43F936C99B234EA397B261C538AD07C9.aspx' does not exist.
   at System.Web.UI.Util.CheckVirtualFileExists(VirtualPath virtualPath)
   at System.Web.Compilation.BuildManager.GetVPathBuildResultInternal(VirtualPath virtualPath, Boolean noBuild, Boolean allowCrossApp, Boolean allowBuildInPrecompile, Boolean throwIfNotFound, Boolean ensureIsUpToDate)
   at System.Web.Compilation.BuildManager.GetVPathBuildResultWithNoAssert(HttpContext context, VirtualPath virtualPath, Boolean noBuild, Boolean allowCrossApp, Boolean allowBuildInPrecompile, Boolean throwIfNotFound, Boolean ensureIsUpToDate)
   at System.Web.Compilation.BuildManager.GetVirtualPathObjectFactory(VirtualPath virtualPath, HttpContext context, Boolean allowCrossApp, Boolean throwIfNotFound)
   at System.Web.Compilation.BuildManager.CreateInstanceFromVirtualPath(VirtualPath virtualPath, Type requiredBaseType, HttpContext context, Boolean allowCrossApp)
   at System.Web.Routing.PageRouteHandler.GetHttpHandler(RequestContext requestContext)
   at System.Web.Routing.UrlRoutingModule.PostResolveRequestCache(HttpContextBase context)
   at System.Web.HttpApplication.SyncEventExecutionStep.System.Web.HttpApplication.IExecutionStep.Execute()
   at System.Web.HttpApplication.ExecuteStepImpl(IExecutionStep step)
   at System.Web.HttpApplication.ExecuteStep(IExecutionStep step, Boolean& completedSynchronously)
